[debug] [2019-10-28T09:23:35.214Z] ----------------------------------------------------------------------
[debug] [2019-10-28T09:23:35.216Z] Command:       /Users/davidruyle/.nvm/versions/node/v10.15.3/bin/node /Users/davidruyle/.nvm/versions/node/v10.15.3/bin/firebase deploy --only hosting
[debug] [2019-10-28T09:23:35.216Z] CLI Version:   7.6.1
[debug] [2019-10-28T09:23:35.216Z] Platform:      darwin
[debug] [2019-10-28T09:23:35.216Z] Node Version:  v10.15.3
[debug] [2019-10-28T09:23:35.221Z] Time:          Mon Oct 28 2019 09:23:35 GMT+0000 (Greenwich Mean Time)
[debug] [2019-10-28T09:23:35.221Z] ----------------------------------------------------------------------
[debug] [2019-10-28T09:23:35.221Z] 
[debug] [2019-10-28T09:23:35.236Z] > command requires scopes: ["email","openid","https://www.googleapis.com/auth/cloudplatformprojects.readonly","https://www.googleapis.com/auth/firebase","https://www.googleapis.com/auth/cloud-platform"]
[debug] [2019-10-28T09:23:35.236Z] > authorizing via signed-in user
[debug] [2019-10-28T09:23:35.236Z] [iam] checking project kanbangular-7c216 for permissions ["firebase.projects.get","firebasehosting.sites.update"]
[debug] [2019-10-28T09:23:35.238Z] > refreshing access token with scopes: ["email","https://www.googleapis.com/auth/cloud-platform","https://www.googleapis.com/auth/cloudplatformprojects.readonly","https://www.googleapis.com/auth/firebase","openid"]
[debug] [2019-10-28T09:23:35.238Z] >>> HTTP REQUEST POST https://www.googleapis.com/oauth2/v3/token  
 <request body omitted>
[debug] [2019-10-28T09:23:35.477Z] <<< HTTP RESPONSE 200
[debug] [2019-10-28T09:23:35.492Z] >>> HTTP REQUEST POST https://cloudresourcemanager.googleapis.com/v1/projects/kanbangular-7c216:testIamPermissions  

[debug] [2019-10-28T09:23:36.381Z] <<< HTTP RESPONSE 200
[debug] [2019-10-28T09:23:36.384Z] >>> HTTP REQUEST GET https://firebase.googleapis.com/v1beta1/projects/kanbangular-7c216  
 
[debug] [2019-10-28T09:23:36.774Z] <<< HTTP RESPONSE 200
[info] 
[info] === Deploying to 'kanbangular-7c216'...
[info] 
[info] i  deploying hosting
[debug] [2019-10-28T09:23:36.779Z] >>> HTTP REQUEST POST https://firebasehosting.googleapis.com/v1beta1/sites/kanbangular-7c216/versions  

[debug] [2019-10-28T09:23:38.568Z] <<< HTTP RESPONSE 200
[info] i  hosting[kanbangular-7c216]: beginning deploy...
[info] i  hosting[kanbangular-7c216]: found 42 files in dist/browser
[debug] [2019-10-28T09:23:40.692Z] [hosting] hash cache [ZGlzdC9icm93c2Vy] stored for 42 files
[debug] [2019-10-28T09:23:40.693Z] [hosting][hash queue][FINAL]
[debug] [2019-10-28T09:23:40.693Z] >>> HTTP REQUEST POST https://firebasehosting.googleapis.com/v1beta1/sites/kanbangular-7c216/versions/6a3b3549553af821:populateFiles  
 <request body omitted>
[debug] [2019-10-28T09:23:42.305Z] <<< HTTP RESPONSE 200
[debug] [2019-10-28T09:23:42.320Z] [hosting][populate queue][FINAL]
[debug] [2019-10-28T09:23:42.320Z] [hosting] uploads queued: 29
